{"/home/facundo/Documentos/Desarrollo/Taller/PicAppSS/app.js":{"path":"/home/facundo/Documentos/Desarrollo/Taller/PicAppSS/app.js","s":{"1":1,"2":1,"3":1,"4":1,"5":1,"6":1,"7":1,"8":1,"9":1,"10":1,"11":1,"12":2,"13":1},"b":{},"f":{},"fnMap":{},"statementMap":{"1":{"start":{"line":1,"column":0},"end":{"line":1,"column":35}},"2":{"start":{"line":2,"column":0},"end":{"line":2,"column":33}},"3":{"start":{"line":3,"column":0},"end":{"line":3,"column":42}},"4":{"start":{"line":6,"column":0},"end":{"line":6,"column":22}},"5":{"start":{"line":9,"column":0},"end":{"line":9,"column":23}},"6":{"start":{"line":13,"column":0},"end":{"line":13,"column":27}},"7":{"start":{"line":14,"column":0},"end":{"line":14,"column":51}},"8":{"start":{"line":15,"column":0},"end":{"line":15,"column":27}},"9":{"start":{"line":16,"column":0},"end":{"line":16,"column":54}},"10":{"start":{"line":18,"column":0},"end":{"line":18,"column":32}},"11":{"start":{"line":21,"column":0},"end":{"line":23,"column":4}},"12":{"start":{"line":21,"column":27},"end":{"line":23,"column":2}},"13":{"start":{"line":27,"column":0},"end":{"line":27,"column":21}}},"branchMap":{}},"/home/facundo/Documentos/Desarrollo/Taller/PicAppSS/server/routes/index.js":{"path":"/home/facundo/Documentos/Desarrollo/Taller/PicAppSS/server/routes/index.js","s":{"1":1,"2":1,"3":1,"4":1,"5":1,"6":0,"7":1,"8":1,"9":1,"10":1,"11":1,"12":1,"13":1,"14":1,"15":1,"16":1,"17":1,"18":1,"19":1,"20":1,"21":1,"22":1,"23":1,"24":1},"b":{},"f":{},"fnMap":{},"statementMap":{"1":{"start":{"line":1,"column":0},"end":{"line":1,"column":56}},"2":{"start":{"line":2,"column":0},"end":{"line":2,"column":60}},"3":{"start":{"line":3,"column":0},"end":{"line":3,"column":56}},"4":{"start":{"line":5,"column":0},"end":{"line":46,"column":2}},"5":{"start":{"line":6,"column":2},"end":{"line":8,"column":6}},"6":{"start":{"line":6,"column":32},"end":{"line":8,"column":4}},"7":{"start":{"line":12,"column":4},"end":{"line":12,"column":50}},"8":{"start":{"line":13,"column":4},"end":{"line":13,"column":61}},"9":{"start":{"line":14,"column":4},"end":{"line":14,"column":53}},"10":{"start":{"line":17,"column":4},"end":{"line":17,"column":55}},"11":{"start":{"line":18,"column":4},"end":{"line":18,"column":66}},"12":{"start":{"line":19,"column":4},"end":{"line":19,"column":64}},"13":{"start":{"line":20,"column":4},"end":{"line":20,"column":68}},"14":{"start":{"line":21,"column":4},"end":{"line":21,"column":69}},"15":{"start":{"line":22,"column":4},"end":{"line":22,"column":52}},"16":{"start":{"line":26,"column":2},"end":{"line":26,"column":47}},"17":{"start":{"line":27,"column":2},"end":{"line":27,"column":60}},"18":{"start":{"line":28,"column":2},"end":{"line":28,"column":58}},"19":{"start":{"line":29,"column":2},"end":{"line":29,"column":62}},"20":{"start":{"line":32,"column":2},"end":{"line":32,"column":49}},"21":{"start":{"line":33,"column":2},"end":{"line":33,"column":46}},"22":{"start":{"line":34,"column":2},"end":{"line":34,"column":58}},"23":{"start":{"line":35,"column":2},"end":{"line":35,"column":56}},"24":{"start":{"line":36,"column":2},"end":{"line":36,"column":60}}},"branchMap":{}},"/home/facundo/Documentos/Desarrollo/Taller/PicAppSS/server/controllers/index.js":{"path":"/home/facundo/Documentos/Desarrollo/Taller/PicAppSS/server/controllers/index.js","s":{"1":1,"2":1,"3":1,"4":1},"b":{},"f":{},"fnMap":{},"statementMap":{"1":{"start":{"line":1,"column":0},"end":{"line":1,"column":33}},"2":{"start":{"line":2,"column":0},"end":{"line":2,"column":37}},"3":{"start":{"line":3,"column":0},"end":{"line":3,"column":33}},"4":{"start":{"line":5,"column":0},"end":{"line":9,"column":2}}},"branchMap":{}},"/home/facundo/Documentos/Desarrollo/Taller/PicAppSS/server/controllers/users.js":{"path":"/home/facundo/Documentos/Desarrollo/Taller/PicAppSS/server/controllers/users.js","s":{"1":1,"2":1,"3":1,"4":0,"5":0,"6":0,"7":0,"8":0,"9":0,"10":0,"11":1,"12":0,"13":1,"14":2,"15":0,"16":0,"17":0,"18":2,"19":0,"20":0,"21":0,"22":0,"23":0,"24":0,"25":0,"26":1,"27":0,"28":0,"29":0,"30":0,"31":0,"32":1,"33":2,"34":0,"35":0,"36":0,"37":0,"38":0,"39":2,"40":3,"41":0,"42":3,"43":0,"44":0,"45":0,"46":0,"47":1,"48":0,"49":0,"50":0,"51":0,"52":0,"53":0,"54":0,"55":0,"56":0,"57":0,"58":0,"59":0,"60":0,"61":0},"b":{"1":[0,0],"2":[0,0],"3":[0,0],"4":[0,0],"5":[0,0],"6":[0,0],"7":[0,0],"8":[0,0],"9":[0,0],"10":[0,0],"11":[0,0]},"f":{"1":0,"2":1,"3":2,"4":0,"5":1,"6":2,"7":3,"8":0,"9":0},"fnMap":{"1":{"name":"(anonymous_1)","line":5,"loc":{"start":{"line":5,"column":12},"end":{"line":5,"column":32}}},"2":{"name":"(anonymous_2)","line":56,"loc":{"start":{"line":56,"column":8},"end":{"line":56,"column":19}}},"3":{"name":"(anonymous_3)","line":65,"loc":{"start":{"line":65,"column":12},"end":{"line":65,"column":23}}},"4":{"name":"(anonymous_4)","line":93,"loc":{"start":{"line":93,"column":10},"end":{"line":93,"column":21}}},"5":{"name":"(anonymous_5)","line":134,"loc":{"start":{"line":134,"column":11},"end":{"line":134,"column":22}}},"6":{"name":"(anonymous_6)","line":159,"loc":{"start":{"line":159,"column":14},"end":{"line":159,"column":34}}},"7":{"name":"(anonymous_7)","line":191,"loc":{"start":{"line":191,"column":17},"end":{"line":191,"column":37}}},"8":{"name":"(anonymous_8)","line":220,"loc":{"start":{"line":220,"column":13},"end":{"line":220,"column":27}}},"9":{"name":"hash","line":232,"loc":{"start":{"line":232,"column":0},"end":{"line":232,"column":18}}}},"statementMap":{"1":{"start":{"line":1,"column":0},"end":{"line":1,"column":39}},"2":{"start":{"line":2,"column":0},"end":{"line":2,"column":43}},"3":{"start":{"line":4,"column":0},"end":{"line":229,"column":2}},"4":{"start":{"line":8,"column":8},"end":{"line":53,"column":25}},"5":{"start":{"line":12,"column":16},"end":{"line":48,"column":17}},"6":{"start":{"line":13,"column":20},"end":{"line":16,"column":23}},"7":{"start":{"line":22,"column":20},"end":{"line":46,"column":27}},"8":{"start":{"line":29,"column":38},"end":{"line":39,"column":26}},"9":{"start":{"line":41,"column":28},"end":{"line":45,"column":30}},"10":{"start":{"line":50,"column":28},"end":{"line":53,"column":23}},"11":{"start":{"line":57,"column":8},"end":{"line":63,"column":16}},"12":{"start":{"line":59,"column":27},"end":{"line":59,"column":54}},"13":{"start":{"line":60,"column":28},"end":{"line":63,"column":14}},"14":{"start":{"line":66,"column":8},"end":{"line":91,"column":16}},"15":{"start":{"line":69,"column":16},"end":{"line":74,"column":17}},"16":{"start":{"line":70,"column":20},"end":{"line":73,"column":23}},"17":{"start":{"line":75,"column":16},"end":{"line":85,"column":19}},"18":{"start":{"line":87,"column":28},"end":{"line":91,"column":14}},"19":{"start":{"line":94,"column":8},"end":{"line":132,"column":16}},"20":{"start":{"line":97,"column":16},"end":{"line":102,"column":17}},"21":{"start":{"line":98,"column":20},"end":{"line":101,"column":23}},"22":{"start":{"line":103,"column":16},"end":{"line":126,"column":24}},"23":{"start":{"line":111,"column":32},"end":{"line":121,"column":22}},"24":{"start":{"line":122,"column":38},"end":{"line":126,"column":22}},"25":{"start":{"line":128,"column":30},"end":{"line":132,"column":14}},"26":{"start":{"line":135,"column":8},"end":{"line":157,"column":16}},"27":{"start":{"line":138,"column":16},"end":{"line":143,"column":17}},"28":{"start":{"line":139,"column":20},"end":{"line":142,"column":23}},"29":{"start":{"line":144,"column":16},"end":{"line":151,"column":24}},"30":{"start":{"line":146,"column":32},"end":{"line":147,"column":64}},"31":{"start":{"line":148,"column":36},"end":{"line":151,"column":22}},"32":{"start":{"line":153,"column":28},"end":{"line":157,"column":14}},"33":{"start":{"line":160,"column":8},"end":{"line":186,"column":85}},"34":{"start":{"line":163,"column":16},"end":{"line":168,"column":17}},"35":{"start":{"line":164,"column":20},"end":{"line":167,"column":23}},"36":{"start":{"line":169,"column":16},"end":{"line":181,"column":97}},"37":{"start":{"line":171,"column":28},"end":{"line":179,"column":18}},"38":{"start":{"line":181,"column":24},"end":{"line":181,"column":94}},"39":{"start":{"line":184,"column":24},"end":{"line":186,"column":82}},"40":{"start":{"line":193,"column":8},"end":{"line":217,"column":13}},"41":{"start":{"line":200,"column":24},"end":{"line":210,"column":12}},"42":{"start":{"line":212,"column":14},"end":{"line":216,"column":16}},"43":{"start":{"line":221,"column":8},"end":{"line":221,"column":35}},"44":{"start":{"line":222,"column":12},"end":{"line":225,"column":13}},"45":{"start":{"line":223,"column":14},"end":{"line":224,"column":34}},"46":{"start":{"line":226,"column":12},"end":{"line":226,"column":30}},"47":{"start":{"line":232,"column":0},"end":{"line":249,"column":1}},"48":{"start":{"line":234,"column":4},"end":{"line":234,"column":18}},"49":{"start":{"line":235,"column":4},"end":{"line":235,"column":84}},"50":{"start":{"line":237,"column":4},"end":{"line":238,"column":77}},"51":{"start":{"line":238,"column":8},"end":{"line":238,"column":77}},"52":{"start":{"line":240,"column":4},"end":{"line":240,"column":17}},"53":{"start":{"line":241,"column":4},"end":{"line":241,"column":38}},"54":{"start":{"line":241,"column":26},"end":{"line":241,"column":38}},"55":{"start":{"line":242,"column":4},"end":{"line":244,"column":5}},"56":{"start":{"line":243,"column":8},"end":{"line":243,"column":34}},"57":{"start":{"line":243,"column":36},"end":{"line":243,"column":65}},"58":{"start":{"line":243,"column":67},"end":{"line":243,"column":86}},"59":{"start":{"line":245,"column":4},"end":{"line":247,"column":5}},"60":{"start":{"line":246,"column":8},"end":{"line":246,"column":25}},"61":{"start":{"line":248,"column":4},"end":{"line":248,"column":16}}},"branchMap":{"1":{"line":12,"type":"if","locations":[{"start":{"line":12,"column":16},"end":{"line":12,"column":16}},{"start":{"line":12,"column":16},"end":{"line":12,"column":16}}]},"2":{"line":69,"type":"if","locations":[{"start":{"line":69,"column":16},"end":{"line":69,"column":16}},{"start":{"line":69,"column":16},"end":{"line":69,"column":16}}]},"3":{"line":97,"type":"if","locations":[{"start":{"line":97,"column":16},"end":{"line":97,"column":16}},{"start":{"line":97,"column":16},"end":{"line":97,"column":16}}]},"4":{"line":107,"type":"binary-expr","locations":[{"start":{"line":107,"column":30},"end":{"line":107,"column":43}},{"start":{"line":107,"column":47},"end":{"line":107,"column":56}}]},"5":{"line":108,"type":"binary-expr","locations":[{"start":{"line":108,"column":29},"end":{"line":108,"column":42}},{"start":{"line":108,"column":46},"end":{"line":108,"column":54}}]},"6":{"line":109,"type":"binary-expr","locations":[{"start":{"line":109,"column":34},"end":{"line":109,"column":51}},{"start":{"line":109,"column":55},"end":{"line":109,"column":68}}]},"7":{"line":138,"type":"if","locations":[{"start":{"line":138,"column":16},"end":{"line":138,"column":16}},{"start":{"line":138,"column":16},"end":{"line":138,"column":16}}]},"8":{"line":163,"type":"if","locations":[{"start":{"line":163,"column":16},"end":{"line":163,"column":16}},{"start":{"line":163,"column":16},"end":{"line":163,"column":16}}]},"9":{"line":222,"type":"if","locations":[{"start":{"line":222,"column":12},"end":{"line":222,"column":12}},{"start":{"line":222,"column":12},"end":{"line":222,"column":12}}]},"10":{"line":241,"type":"if","locations":[{"start":{"line":241,"column":4},"end":{"line":241,"column":4}},{"start":{"line":241,"column":4},"end":{"line":241,"column":4}}]},"11":{"line":245,"type":"if","locations":[{"start":{"line":245,"column":4},"end":{"line":245,"column":4}},{"start":{"line":245,"column":4},"end":{"line":245,"column":4}}]}}},"/home/facundo/Documentos/Desarrollo/Taller/PicAppSS/server/models/index.js":{"path":"/home/facundo/Documentos/Desarrollo/Taller/PicAppSS/server/models/index.js","s":{"1":1,"2":1,"3":1,"4":1,"5":1,"6":1,"7":1,"8":1,"9":1,"10":0,"11":1,"12":1,"13":4,"14":3,"15":3,"16":1,"17":3,"18":3,"19":1,"20":1,"21":1},"b":{"1":[1,0],"2":[0,1],"3":[4,4,3],"4":[3,0]},"f":{},"fnMap":{},"statementMap":{"1":{"start":{"line":1,"column":0},"end":{"line":1,"column":25}},"2":{"start":{"line":2,"column":0},"end":{"line":2,"column":29}},"3":{"start":{"line":3,"column":0},"end":{"line":3,"column":39}},"4":{"start":{"line":4,"column":0},"end":{"line":4,"column":48}},"5":{"start":{"line":5,"column":0},"end":{"line":5,"column":50}},"6":{"start":{"line":6,"column":0},"end":{"line":6,"column":66}},"7":{"start":{"line":7,"column":0},"end":{"line":7,"column":14}},"8":{"start":{"line":9,"column":0},"end":{"line":9,"column":14}},"9":{"start":{"line":10,"column":0},"end":{"line":18,"column":1}},"10":{"start":{"line":13,"column":4},"end":{"line":13,"column":68}},"11":{"start":{"line":15,"column":4},"end":{"line":17,"column":6}},"12":{"start":{"line":20,"column":0},"end":{"line":29,"column":5}},"13":{"start":{"line":23,"column":4},"end":{"line":25,"column":30}},"14":{"start":{"line":27,"column":4},"end":{"line":27,"column":63}},"15":{"start":{"line":28,"column":4},"end":{"line":28,"column":27}},"16":{"start":{"line":31,"column":0},"end":{"line":35,"column":3}},"17":{"start":{"line":32,"column":2},"end":{"line":34,"column":3}},"18":{"start":{"line":33,"column":4},"end":{"line":33,"column":32}},"19":{"start":{"line":37,"column":0},"end":{"line":37,"column":25}},"20":{"start":{"line":38,"column":0},"end":{"line":38,"column":25}},"21":{"start":{"line":40,"column":0},"end":{"line":40,"column":20}}},"branchMap":{"1":{"line":5,"type":"binary-expr","locations":[{"start":{"line":5,"column":12},"end":{"line":5,"column":32}},{"start":{"line":5,"column":36},"end":{"line":5,"column":49}}]},"2":{"line":10,"type":"if","locations":[{"start":{"line":10,"column":0},"end":{"line":10,"column":0}},{"start":{"line":10,"column":0},"end":{"line":10,"column":0}}]},"3":{"line":23,"type":"binary-expr","locations":[{"start":{"line":23,"column":5},"end":{"line":23,"column":28}},{"start":{"line":24,"column":5},"end":{"line":24,"column":22}},{"start":{"line":25,"column":5},"end":{"line":25,"column":29}}]},"4":{"line":32,"type":"if","locations":[{"start":{"line":32,"column":2},"end":{"line":32,"column":2}},{"start":{"line":32,"column":2},"end":{"line":32,"column":2}}]}}},"/home/facundo/Documentos/Desarrollo/Taller/PicAppSS/server/models/file.js":{"path":"/home/facundo/Documentos/Desarrollo/Taller/PicAppSS/server/models/file.js","s":{"1":1,"2":1,"3":1,"4":1},"b":{},"f":{"1":1},"fnMap":{"1":{"name":"(anonymous_1)","line":35,"loc":{"start":{"line":35,"column":19},"end":{"line":35,"column":36}}}},"statementMap":{"1":{"start":{"line":2,"column":0},"end":{"line":39,"column":2}},"2":{"start":{"line":3,"column":2},"end":{"line":34,"column":9}},"3":{"start":{"line":35,"column":2},"end":{"line":37,"column":4}},"4":{"start":{"line":38,"column":2},"end":{"line":38,"column":14}}},"branchMap":{}},"/home/facundo/Documentos/Desarrollo/Taller/PicAppSS/server/models/server.js":{"path":"/home/facundo/Documentos/Desarrollo/Taller/PicAppSS/server/models/server.js","s":{"1":1,"2":1,"3":1,"4":1},"b":{},"f":{"1":1},"fnMap":{"1":{"name":"(anonymous_1)","line":28,"loc":{"start":{"line":28,"column":23},"end":{"line":28,"column":40}}}},"statementMap":{"1":{"start":{"line":1,"column":0},"end":{"line":32,"column":2}},"2":{"start":{"line":2,"column":4},"end":{"line":26,"column":7}},"3":{"start":{"line":28,"column":4},"end":{"line":30,"column":6}},"4":{"start":{"line":31,"column":4},"end":{"line":31,"column":18}}},"branchMap":{}},"/home/facundo/Documentos/Desarrollo/Taller/PicAppSS/server/models/user.js":{"path":"/home/facundo/Documentos/Desarrollo/Taller/PicAppSS/server/models/user.js","s":{"1":1,"2":1,"3":1,"4":1},"b":{},"f":{"1":1},"fnMap":{"1":{"name":"(anonymous_1)","line":31,"loc":{"start":{"line":31,"column":21},"end":{"line":31,"column":38}}}},"statementMap":{"1":{"start":{"line":1,"column":0},"end":{"line":35,"column":2}},"2":{"start":{"line":2,"column":4},"end":{"line":29,"column":7}},"3":{"start":{"line":31,"column":4},"end":{"line":33,"column":6}},"4":{"start":{"line":34,"column":4},"end":{"line":34,"column":16}}},"branchMap":{}},"/home/facundo/Documentos/Desarrollo/Taller/PicAppSS/server/controllers/servers.js":{"path":"/home/facundo/Documentos/Desarrollo/Taller/PicAppSS/server/controllers/servers.js","s":{"1":1,"2":1,"3":1,"4":0,"5":0,"6":0,"7":0,"8":0,"9":0,"10":0,"11":0,"12":0,"13":0,"14":0,"15":0,"16":0,"17":0,"18":0,"19":0,"20":0,"21":0,"22":0,"23":0,"24":0,"25":0,"26":0,"27":0,"28":0,"29":0,"30":0,"31":0,"32":0,"33":0,"34":0,"35":0,"36":0,"37":0,"38":0,"39":0,"40":0,"41":0,"42":0,"43":0,"44":0,"45":0,"46":0,"47":0,"48":0,"49":0,"50":0,"51":0,"52":0,"53":0,"54":0,"55":0,"56":0,"57":0,"58":0,"59":0,"60":1,"61":0,"62":0,"63":0,"64":0,"65":0,"66":0,"67":0,"68":0,"69":0,"70":0,"71":0,"72":0,"73":0,"74":0},"b":{"1":[0,0],"2":[0,0],"3":[0,0],"4":[0,0],"5":[0,0],"6":[0,0],"7":[0,0],"8":[0,0],"9":[0,0],"10":[0,0],"11":[0,0],"12":[0,0],"13":[0,0],"14":[0,0],"15":[0,0]},"f":{"1":0,"2":0,"3":0,"4":0,"5":0,"6":0,"7":0},"fnMap":{"1":{"name":"(anonymous_1)","line":5,"loc":{"start":{"line":5,"column":12},"end":{"line":5,"column":32}}},"2":{"name":"(anonymous_2)","line":57,"loc":{"start":{"line":57,"column":8},"end":{"line":57,"column":19}}},"3":{"name":"(anonymous_3)","line":80,"loc":{"start":{"line":80,"column":12},"end":{"line":80,"column":23}}},"4":{"name":"(anonymous_4)","line":124,"loc":{"start":{"line":124,"column":10},"end":{"line":124,"column":21}}},"5":{"name":"(anonymous_5)","line":180,"loc":{"start":{"line":180,"column":11},"end":{"line":180,"column":22}}},"6":{"name":"(anonymous_6)","line":215,"loc":{"start":{"line":215,"column":16},"end":{"line":215,"column":36}}},"7":{"name":"hash","line":275,"loc":{"start":{"line":275,"column":0},"end":{"line":275,"column":18}}}},"statementMap":{"1":{"start":{"line":1,"column":0},"end":{"line":1,"column":43}},"2":{"start":{"line":2,"column":0},"end":{"line":2,"column":39}},"3":{"start":{"line":4,"column":0},"end":{"line":271,"column":2}},"4":{"start":{"line":8,"column":8},"end":{"line":55,"column":100}},"5":{"start":{"line":12,"column":16},"end":{"line":53,"column":17}},"6":{"start":{"line":13,"column":20},"end":{"line":16,"column":23}},"7":{"start":{"line":20,"column":20},"end":{"line":52,"column":23}},"8":{"start":{"line":30,"column":36},"end":{"line":48,"column":22}},"9":{"start":{"line":50,"column":24},"end":{"line":51,"column":78}},"10":{"start":{"line":55,"column":28},"end":{"line":55,"column":98}},"11":{"start":{"line":60,"column":9},"end":{"line":78,"column":101}},"12":{"start":{"line":64,"column":17},"end":{"line":76,"column":18}},"13":{"start":{"line":65,"column":21},"end":{"line":68,"column":24}},"14":{"start":{"line":72,"column":20},"end":{"line":75,"column":80}},"15":{"start":{"line":73,"column":36},"end":{"line":73,"column":64}},"16":{"start":{"line":74,"column":36},"end":{"line":75,"column":78}},"17":{"start":{"line":78,"column":29},"end":{"line":78,"column":99}},"18":{"start":{"line":83,"column":8},"end":{"line":122,"column":57}},"19":{"start":{"line":87,"column":16},"end":{"line":120,"column":17}},"20":{"start":{"line":88,"column":20},"end":{"line":91,"column":23}},"21":{"start":{"line":96,"column":20},"end":{"line":119,"column":84}},"22":{"start":{"line":98,"column":28},"end":{"line":103,"column":29}},"23":{"start":{"line":99,"column":32},"end":{"line":102,"column":35}},"24":{"start":{"line":104,"column":28},"end":{"line":116,"column":30}},"25":{"start":{"line":118,"column":40},"end":{"line":119,"column":82}},"26":{"start":{"line":122,"column":28},"end":{"line":122,"column":55}},"27":{"start":{"line":127,"column":8},"end":{"line":178,"column":100}},"28":{"start":{"line":131,"column":16},"end":{"line":176,"column":17}},"29":{"start":{"line":132,"column":20},"end":{"line":134,"column":23}},"30":{"start":{"line":139,"column":20},"end":{"line":175,"column":80}},"31":{"start":{"line":141,"column":24},"end":{"line":145,"column":25}},"32":{"start":{"line":142,"column":28},"end":{"line":144,"column":31}},"33":{"start":{"line":146,"column":24},"end":{"line":172,"column":31}},"34":{"start":{"line":154,"column":40},"end":{"line":168,"column":30}},"35":{"start":{"line":170,"column":32},"end":{"line":171,"column":90}},"36":{"start":{"line":174,"column":38},"end":{"line":175,"column":78}},"37":{"start":{"line":178,"column":28},"end":{"line":178,"column":98}},"38":{"start":{"line":183,"column":8},"end":{"line":213,"column":100}},"39":{"start":{"line":187,"column":16},"end":{"line":211,"column":17}},"40":{"start":{"line":188,"column":20},"end":{"line":191,"column":23}},"41":{"start":{"line":195,"column":20},"end":{"line":210,"column":80}},"42":{"start":{"line":197,"column":24},"end":{"line":202,"column":25}},"43":{"start":{"line":198,"column":28},"end":{"line":201,"column":31}},"44":{"start":{"line":203,"column":24},"end":{"line":207,"column":88}},"45":{"start":{"line":205,"column":40},"end":{"line":205,"column":117}},"46":{"start":{"line":206,"column":44},"end":{"line":207,"column":86}},"47":{"start":{"line":209,"column":36},"end":{"line":210,"column":78}},"48":{"start":{"line":213,"column":28},"end":{"line":213,"column":98}},"49":{"start":{"line":218,"column":8},"end":{"line":269,"column":100}},"50":{"start":{"line":222,"column":16},"end":{"line":267,"column":17}},"51":{"start":{"line":223,"column":20},"end":{"line":226,"column":23}},"52":{"start":{"line":230,"column":20},"end":{"line":266,"column":80}},"53":{"start":{"line":232,"column":24},"end":{"line":237,"column":25}},"54":{"start":{"line":233,"column":28},"end":{"line":236,"column":31}},"55":{"start":{"line":238,"column":24},"end":{"line":263,"column":31}},"56":{"start":{"line":241,"column":40},"end":{"line":259,"column":30}},"57":{"start":{"line":261,"column":32},"end":{"line":262,"column":90}},"58":{"start":{"line":265,"column":38},"end":{"line":266,"column":78}},"59":{"start":{"line":269,"column":28},"end":{"line":269,"column":98}},"60":{"start":{"line":275,"column":0},"end":{"line":292,"column":1}},"61":{"start":{"line":277,"column":4},"end":{"line":277,"column":18}},"62":{"start":{"line":278,"column":4},"end":{"line":278,"column":84}},"63":{"start":{"line":280,"column":4},"end":{"line":281,"column":77}},"64":{"start":{"line":281,"column":8},"end":{"line":281,"column":77}},"65":{"start":{"line":283,"column":4},"end":{"line":283,"column":17}},"66":{"start":{"line":284,"column":4},"end":{"line":284,"column":38}},"67":{"start":{"line":284,"column":26},"end":{"line":284,"column":38}},"68":{"start":{"line":285,"column":4},"end":{"line":287,"column":5}},"69":{"start":{"line":286,"column":8},"end":{"line":286,"column":34}},"70":{"start":{"line":286,"column":36},"end":{"line":286,"column":65}},"71":{"start":{"line":286,"column":67},"end":{"line":286,"column":86}},"72":{"start":{"line":288,"column":4},"end":{"line":290,"column":5}},"73":{"start":{"line":289,"column":8},"end":{"line":289,"column":25}},"74":{"start":{"line":291,"column":4},"end":{"line":291,"column":16}}},"branchMap":{"1":{"line":12,"type":"if","locations":[{"start":{"line":12,"column":16},"end":{"line":12,"column":16}},{"start":{"line":12,"column":16},"end":{"line":12,"column":16}}]},"2":{"line":64,"type":"if","locations":[{"start":{"line":64,"column":17},"end":{"line":64,"column":17}},{"start":{"line":64,"column":17},"end":{"line":64,"column":17}}]},"3":{"line":87,"type":"if","locations":[{"start":{"line":87,"column":16},"end":{"line":87,"column":16}},{"start":{"line":87,"column":16},"end":{"line":87,"column":16}}]},"4":{"line":98,"type":"if","locations":[{"start":{"line":98,"column":28},"end":{"line":98,"column":28}},{"start":{"line":98,"column":28},"end":{"line":98,"column":28}}]},"5":{"line":131,"type":"if","locations":[{"start":{"line":131,"column":16},"end":{"line":131,"column":16}},{"start":{"line":131,"column":16},"end":{"line":131,"column":16}}]},"6":{"line":141,"type":"if","locations":[{"start":{"line":141,"column":24},"end":{"line":141,"column":24}},{"start":{"line":141,"column":24},"end":{"line":141,"column":24}}]},"7":{"line":150,"type":"binary-expr","locations":[{"start":{"line":150,"column":38},"end":{"line":150,"column":51}},{"start":{"line":150,"column":55},"end":{"line":150,"column":66}}]},"8":{"line":151,"type":"binary-expr","locations":[{"start":{"line":151,"column":37},"end":{"line":151,"column":50}},{"start":{"line":151,"column":54},"end":{"line":151,"column":64}}]},"9":{"line":152,"type":"binary-expr","locations":[{"start":{"line":152,"column":43},"end":{"line":152,"column":61}},{"start":{"line":152,"column":65},"end":{"line":152,"column":81}}]},"10":{"line":187,"type":"if","locations":[{"start":{"line":187,"column":16},"end":{"line":187,"column":16}},{"start":{"line":187,"column":16},"end":{"line":187,"column":16}}]},"11":{"line":197,"type":"if","locations":[{"start":{"line":197,"column":24},"end":{"line":197,"column":24}},{"start":{"line":197,"column":24},"end":{"line":197,"column":24}}]},"12":{"line":222,"type":"if","locations":[{"start":{"line":222,"column":16},"end":{"line":222,"column":16}},{"start":{"line":222,"column":16},"end":{"line":222,"column":16}}]},"13":{"line":232,"type":"if","locations":[{"start":{"line":232,"column":24},"end":{"line":232,"column":24}},{"start":{"line":232,"column":24},"end":{"line":232,"column":24}}]},"14":{"line":284,"type":"if","locations":[{"start":{"line":284,"column":4},"end":{"line":284,"column":4}},{"start":{"line":284,"column":4},"end":{"line":284,"column":4}}]},"15":{"line":288,"type":"if","locations":[{"start":{"line":288,"column":4},"end":{"line":288,"column":4}},{"start":{"line":288,"column":4},"end":{"line":288,"column":4}}]}}},"/home/facundo/Documentos/Desarrollo/Taller/PicAppSS/server/controllers/files.js":{"path":"/home/facundo/Documentos/Desarrollo/Taller/PicAppSS/server/controllers/files.js","s":{"1":1,"2":1,"3":1,"4":1,"5":0,"6":0,"7":0,"8":0,"9":0,"10":0,"11":0,"12":0,"13":0,"14":0,"15":0,"16":0,"17":0,"18":0,"19":0,"20":0,"21":0,"22":0,"23":0,"24":0,"25":0,"26":0,"27":0,"28":0,"29":0,"30":0,"31":0,"32":0,"33":0,"34":0,"35":0,"36":0,"37":0,"38":0,"39":0,"40":0,"41":0,"42":0,"43":0,"44":0,"45":0,"46":0,"47":0,"48":0},"b":{"1":[0,0],"2":[0,0],"3":[0,0],"4":[0,0],"5":[0,0],"6":[0,0],"7":[0,0],"8":[0,0],"9":[0,0],"10":[0,0]},"f":{"1":0,"2":0,"3":0,"4":0,"5":0},"fnMap":{"1":{"name":"(anonymous_1)","line":8,"loc":{"start":{"line":8,"column":12},"end":{"line":8,"column":32}}},"2":{"name":"(anonymous_2)","line":66,"loc":{"start":{"line":66,"column":8},"end":{"line":66,"column":19}}},"3":{"name":"(anonymous_3)","line":90,"loc":{"start":{"line":90,"column":12},"end":{"line":90,"column":23}}},"4":{"name":"(anonymous_4)","line":137,"loc":{"start":{"line":137,"column":10},"end":{"line":137,"column":21}}},"5":{"name":"(anonymous_5)","line":196,"loc":{"start":{"line":196,"column":11},"end":{"line":196,"column":22}}}},"statementMap":{"1":{"start":{"line":1,"column":0},"end":{"line":1,"column":39}},"2":{"start":{"line":2,"column":0},"end":{"line":2,"column":39}},"3":{"start":{"line":3,"column":0},"end":{"line":3,"column":43}},"4":{"start":{"line":5,"column":0},"end":{"line":253,"column":2}},"5":{"start":{"line":10,"column":8},"end":{"line":61,"column":21}},"6":{"start":{"line":15,"column":16},"end":{"line":55,"column":17}},"7":{"start":{"line":16,"column":20},"end":{"line":19,"column":23}},"8":{"start":{"line":23,"column":20},"end":{"line":54,"column":27}},"9":{"start":{"line":34,"column":38},"end":{"line":47,"column":26}},"10":{"start":{"line":49,"column":28},"end":{"line":53,"column":30}},"11":{"start":{"line":58,"column":24},"end":{"line":61,"column":19}},"12":{"start":{"line":68,"column":8},"end":{"line":85,"column":102}},"13":{"start":{"line":72,"column":16},"end":{"line":84,"column":17}},"14":{"start":{"line":73,"column":20},"end":{"line":76,"column":23}},"15":{"start":{"line":79,"column":16},"end":{"line":83,"column":62}},"16":{"start":{"line":80,"column":34},"end":{"line":80,"column":60}},"17":{"start":{"line":81,"column":36},"end":{"line":83,"column":60}},"18":{"start":{"line":85,"column":30},"end":{"line":85,"column":100}},"19":{"start":{"line":92,"column":8},"end":{"line":132,"column":100}},"20":{"start":{"line":96,"column":16},"end":{"line":130,"column":17}},"21":{"start":{"line":97,"column":20},"end":{"line":100,"column":23}},"22":{"start":{"line":104,"column":20},"end":{"line":126,"column":26}},"23":{"start":{"line":106,"column":28},"end":{"line":111,"column":29}},"24":{"start":{"line":107,"column":32},"end":{"line":110,"column":35}},"25":{"start":{"line":112,"column":28},"end":{"line":125,"column":30}},"26":{"start":{"line":132,"column":28},"end":{"line":132,"column":98}},"27":{"start":{"line":140,"column":8},"end":{"line":191,"column":100}},"28":{"start":{"line":144,"column":16},"end":{"line":189,"column":17}},"29":{"start":{"line":145,"column":20},"end":{"line":148,"column":23}},"30":{"start":{"line":153,"column":20},"end":{"line":188,"column":84}},"31":{"start":{"line":155,"column":28},"end":{"line":160,"column":29}},"32":{"start":{"line":156,"column":32},"end":{"line":159,"column":35}},"33":{"start":{"line":161,"column":28},"end":{"line":185,"column":35}},"34":{"start":{"line":166,"column":44},"end":{"line":181,"column":34}},"35":{"start":{"line":183,"column":36},"end":{"line":184,"column":94}},"36":{"start":{"line":187,"column":42},"end":{"line":188,"column":82}},"37":{"start":{"line":191,"column":28},"end":{"line":191,"column":98}},"38":{"start":{"line":199,"column":8},"end":{"line":229,"column":100}},"39":{"start":{"line":203,"column":16},"end":{"line":227,"column":17}},"40":{"start":{"line":204,"column":20},"end":{"line":207,"column":23}},"41":{"start":{"line":211,"column":20},"end":{"line":226,"column":84}},"42":{"start":{"line":213,"column":28},"end":{"line":218,"column":29}},"43":{"start":{"line":214,"column":32},"end":{"line":217,"column":35}},"44":{"start":{"line":219,"column":28},"end":{"line":223,"column":92}},"45":{"start":{"line":221,"column":44},"end":{"line":221,"column":119}},"46":{"start":{"line":222,"column":48},"end":{"line":223,"column":90}},"47":{"start":{"line":225,"column":40},"end":{"line":226,"column":82}},"48":{"start":{"line":229,"column":28},"end":{"line":229,"column":98}}},"branchMap":{"1":{"line":15,"type":"if","locations":[{"start":{"line":15,"column":16},"end":{"line":15,"column":16}},{"start":{"line":15,"column":16},"end":{"line":15,"column":16}}]},"2":{"line":72,"type":"if","locations":[{"start":{"line":72,"column":16},"end":{"line":72,"column":16}},{"start":{"line":72,"column":16},"end":{"line":72,"column":16}}]},"3":{"line":96,"type":"if","locations":[{"start":{"line":96,"column":16},"end":{"line":96,"column":16}},{"start":{"line":96,"column":16},"end":{"line":96,"column":16}}]},"4":{"line":106,"type":"if","locations":[{"start":{"line":106,"column":28},"end":{"line":106,"column":28}},{"start":{"line":106,"column":28},"end":{"line":106,"column":28}}]},"5":{"line":144,"type":"if","locations":[{"start":{"line":144,"column":16},"end":{"line":144,"column":16}},{"start":{"line":144,"column":16},"end":{"line":144,"column":16}}]},"6":{"line":155,"type":"if","locations":[{"start":{"line":155,"column":28},"end":{"line":155,"column":28}},{"start":{"line":155,"column":28},"end":{"line":155,"column":28}}]},"7":{"line":163,"type":"binary-expr","locations":[{"start":{"line":163,"column":42},"end":{"line":163,"column":59}},{"start":{"line":163,"column":63},"end":{"line":163,"column":72}}]},"8":{"line":164,"type":"binary-expr","locations":[{"start":{"line":164,"column":41},"end":{"line":164,"column":54}},{"start":{"line":164,"column":58},"end":{"line":164,"column":66}}]},"9":{"line":203,"type":"if","locations":[{"start":{"line":203,"column":16},"end":{"line":203,"column":16}},{"start":{"line":203,"column":16},"end":{"line":203,"column":16}}]},"10":{"line":213,"type":"if","locations":[{"start":{"line":213,"column":28},"end":{"line":213,"column":28}},{"start":{"line":213,"column":28},"end":{"line":213,"column":28}}]}}}}