TN:
SF:/home/facundo/Documentos/Desarrollo/Taller/PicAppSS/app.js
FNF:0
FNH:0
DA:1,1
DA:2,1
DA:3,1
DA:6,1
DA:9,1
DA:13,1
DA:14,1
DA:15,1
DA:16,1
DA:18,1
DA:21,2
DA:27,1
LF:12
LH:12
BRF:0
BRH:0
end_of_record
TN:
SF:/home/facundo/Documentos/Desarrollo/Taller/PicAppSS/server/routes/index.js
FNF:0
FNH:0
DA:1,1
DA:2,1
DA:3,1
DA:5,1
DA:6,1
DA:12,1
DA:13,1
DA:14,1
DA:17,1
DA:18,1
DA:19,1
DA:20,1
DA:21,1
DA:22,1
DA:26,1
DA:27,1
DA:28,1
DA:29,1
DA:32,1
DA:33,1
DA:34,1
DA:35,1
DA:36,1
LF:23
LH:23
BRF:0
BRH:0
end_of_record
TN:
SF:/home/facundo/Documentos/Desarrollo/Taller/PicAppSS/server/controllers/index.js
FNF:0
FNH:0
DA:1,1
DA:2,1
DA:3,1
DA:5,1
LF:4
LH:4
BRF:0
BRH:0
end_of_record
TN:
SF:/home/facundo/Documentos/Desarrollo/Taller/PicAppSS/server/controllers/users.js
FN:5,(anonymous_1)
FN:56,(anonymous_2)
FN:65,(anonymous_3)
FN:100,(anonymous_4)
FN:141,(anonymous_5)
FN:166,(anonymous_6)
FN:198,(anonymous_7)
FN:227,(anonymous_8)
FN:239,hash
FNF:9
FNH:1
FNDA:0,(anonymous_1)
FNDA:1,(anonymous_2)
FNDA:0,(anonymous_3)
FNDA:0,(anonymous_4)
FNDA:0,(anonymous_5)
FNDA:0,(anonymous_6)
FNDA:0,(anonymous_7)
FNDA:0,(anonymous_8)
FNDA:0,hash
DA:1,1
DA:2,1
DA:4,1
DA:8,0
DA:12,0
DA:13,0
DA:22,0
DA:29,0
DA:41,0
DA:50,0
DA:57,1
DA:59,0
DA:60,1
DA:66,0
DA:69,0
DA:70,0
DA:82,0
DA:94,0
DA:101,0
DA:104,0
DA:105,0
DA:110,0
DA:118,0
DA:129,0
DA:135,0
DA:142,0
DA:145,0
DA:146,0
DA:151,0
DA:153,0
DA:155,0
DA:160,0
DA:167,0
DA:170,0
DA:171,0
DA:176,0
DA:178,0
DA:188,0
DA:191,0
DA:200,0
DA:207,0
DA:219,0
DA:228,0
DA:229,0
DA:230,0
DA:233,0
DA:239,1
DA:241,0
DA:242,0
DA:244,0
DA:245,0
DA:247,0
DA:248,0
DA:249,0
DA:250,0
DA:252,0
DA:253,0
DA:255,0
LF:58
LH:6
BRDA:12,1,0,0
BRDA:12,1,1,0
BRDA:69,2,0,0
BRDA:69,2,1,0
BRDA:104,3,0,0
BRDA:104,3,1,0
BRDA:114,4,0,0
BRDA:114,4,1,0
BRDA:115,5,0,0
BRDA:115,5,1,0
BRDA:116,6,0,0
BRDA:116,6,1,0
BRDA:145,7,0,0
BRDA:145,7,1,0
BRDA:170,8,0,0
BRDA:170,8,1,0
BRDA:229,9,0,0
BRDA:229,9,1,0
BRDA:248,10,0,0
BRDA:248,10,1,0
BRDA:252,11,0,0
BRDA:252,11,1,0
BRF:22
BRH:0
end_of_record
TN:
SF:/home/facundo/Documentos/Desarrollo/Taller/PicAppSS/server/models/index.js
FNF:0
FNH:0
DA:1,1
DA:2,1
DA:3,1
DA:4,1
DA:5,1
DA:6,1
DA:7,1
DA:9,1
DA:10,1
DA:13,0
DA:15,1
DA:20,1
DA:23,4
DA:27,3
DA:28,3
DA:31,1
DA:32,3
DA:33,3
DA:37,1
DA:38,1
DA:40,1
LF:21
LH:20
BRDA:5,1,0,1
BRDA:5,1,1,0
BRDA:10,2,0,0
BRDA:10,2,1,1
BRDA:23,3,0,4
BRDA:23,3,1,4
BRDA:23,3,2,3
BRDA:32,4,0,3
BRDA:32,4,1,0
BRF:9
BRH:6
end_of_record
TN:
SF:/home/facundo/Documentos/Desarrollo/Taller/PicAppSS/server/models/file.js
FN:35,(anonymous_1)
FNF:1
FNH:1
FNDA:1,(anonymous_1)
DA:2,1
DA:3,1
DA:35,1
DA:38,1
LF:4
LH:4
BRF:0
BRH:0
end_of_record
TN:
SF:/home/facundo/Documentos/Desarrollo/Taller/PicAppSS/server/models/server.js
FN:28,(anonymous_1)
FNF:1
FNH:1
FNDA:1,(anonymous_1)
DA:1,1
DA:2,1
DA:28,1
DA:31,1
LF:4
LH:4
BRF:0
BRH:0
end_of_record
TN:
SF:/home/facundo/Documentos/Desarrollo/Taller/PicAppSS/server/models/user.js
FN:31,(anonymous_1)
FNF:1
FNH:1
FNDA:1,(anonymous_1)
DA:1,1
DA:2,1
DA:31,1
DA:34,1
LF:4
LH:4
BRF:0
BRH:0
end_of_record
TN:
SF:/home/facundo/Documentos/Desarrollo/Taller/PicAppSS/server/controllers/servers.js
FN:5,(anonymous_1)
FN:57,(anonymous_2)
FN:80,(anonymous_3)
FN:124,(anonymous_4)
FN:180,(anonymous_5)
FN:215,(anonymous_6)
FN:275,hash
FNF:7
FNH:0
FNDA:0,(anonymous_1)
FNDA:0,(anonymous_2)
FNDA:0,(anonymous_3)
FNDA:0,(anonymous_4)
FNDA:0,(anonymous_5)
FNDA:0,(anonymous_6)
FNDA:0,hash
DA:1,1
DA:2,1
DA:4,1
DA:8,0
DA:12,0
DA:13,0
DA:20,0
DA:30,0
DA:50,0
DA:55,0
DA:60,0
DA:64,0
DA:65,0
DA:72,0
DA:73,0
DA:74,0
DA:78,0
DA:83,0
DA:87,0
DA:88,0
DA:96,0
DA:98,0
DA:99,0
DA:104,0
DA:118,0
DA:122,0
DA:127,0
DA:131,0
DA:132,0
DA:139,0
DA:141,0
DA:142,0
DA:146,0
DA:154,0
DA:170,0
DA:174,0
DA:178,0
DA:183,0
DA:187,0
DA:188,0
DA:195,0
DA:197,0
DA:198,0
DA:203,0
DA:205,0
DA:206,0
DA:209,0
DA:213,0
DA:218,0
DA:222,0
DA:223,0
DA:230,0
DA:232,0
DA:233,0
DA:238,0
DA:241,0
DA:261,0
DA:265,0
DA:269,0
DA:275,1
DA:277,0
DA:278,0
DA:280,0
DA:281,0
DA:283,0
DA:284,0
DA:285,0
DA:286,0
DA:288,0
DA:289,0
DA:291,0
LF:71
LH:4
BRDA:12,1,0,0
BRDA:12,1,1,0
BRDA:64,2,0,0
BRDA:64,2,1,0
BRDA:87,3,0,0
BRDA:87,3,1,0
BRDA:98,4,0,0
BRDA:98,4,1,0
BRDA:131,5,0,0
BRDA:131,5,1,0
BRDA:141,6,0,0
BRDA:141,6,1,0
BRDA:150,7,0,0
BRDA:150,7,1,0
BRDA:151,8,0,0
BRDA:151,8,1,0
BRDA:152,9,0,0
BRDA:152,9,1,0
BRDA:187,10,0,0
BRDA:187,10,1,0
BRDA:197,11,0,0
BRDA:197,11,1,0
BRDA:222,12,0,0
BRDA:222,12,1,0
BRDA:232,13,0,0
BRDA:232,13,1,0
BRDA:284,14,0,0
BRDA:284,14,1,0
BRDA:288,15,0,0
BRDA:288,15,1,0
BRF:30
BRH:0
end_of_record
TN:
SF:/home/facundo/Documentos/Desarrollo/Taller/PicAppSS/server/controllers/files.js
FN:8,(anonymous_1)
FN:66,(anonymous_2)
FN:90,(anonymous_3)
FN:137,(anonymous_4)
FN:196,(anonymous_5)
FNF:5
FNH:0
FNDA:0,(anonymous_1)
FNDA:0,(anonymous_2)
FNDA:0,(anonymous_3)
FNDA:0,(anonymous_4)
FNDA:0,(anonymous_5)
DA:1,1
DA:2,1
DA:3,1
DA:5,1
DA:10,0
DA:15,0
DA:16,0
DA:23,0
DA:34,0
DA:49,0
DA:58,0
DA:68,0
DA:72,0
DA:73,0
DA:79,0
DA:80,0
DA:81,0
DA:85,0
DA:92,0
DA:96,0
DA:97,0
DA:104,0
DA:106,0
DA:107,0
DA:112,0
DA:132,0
DA:140,0
DA:144,0
DA:145,0
DA:153,0
DA:155,0
DA:156,0
DA:161,0
DA:166,0
DA:183,0
DA:187,0
DA:191,0
DA:199,0
DA:203,0
DA:204,0
DA:211,0
DA:213,0
DA:214,0
DA:219,0
DA:221,0
DA:222,0
DA:225,0
DA:229,0
LF:48
LH:4
BRDA:15,1,0,0
BRDA:15,1,1,0
BRDA:72,2,0,0
BRDA:72,2,1,0
BRDA:96,3,0,0
BRDA:96,3,1,0
BRDA:106,4,0,0
BRDA:106,4,1,0
BRDA:144,5,0,0
BRDA:144,5,1,0
BRDA:155,6,0,0
BRDA:155,6,1,0
BRDA:163,7,0,0
BRDA:163,7,1,0
BRDA:164,8,0,0
BRDA:164,8,1,0
BRDA:203,9,0,0
BRDA:203,9,1,0
BRDA:213,10,0,0
BRDA:213,10,1,0
BRF:20
BRH:0
end_of_record
