TN:
SF:/home/facundo/Documentos/Desarrollo/Taller/PicAppSS/app.js
FNF:0
FNH:0
DA:1,1
DA:2,1
DA:3,1
DA:6,1
DA:9,1
DA:12,1
DA:13,1
DA:16,1
DA:19,0
DA:23,0
LF:10
LH:8
BRF:0
BRH:0
end_of_record
TN:
SF:/home/facundo/Documentos/Desarrollo/Taller/PicAppSS/server/routes/index.js
FNF:0
FNH:0
DA:1,1
DA:3,0
DA:4,0
DA:9,0
DA:10,0
DA:13,0
DA:14,0
DA:15,0
DA:16,0
LF:9
LH:1
BRF:0
BRH:0
end_of_record
TN:
SF:/home/facundo/Documentos/Desarrollo/Taller/PicAppSS/server/controllers/index.js
FNF:0
FNH:0
DA:1,1
DA:3,0
LF:2
LH:1
BRF:0
BRH:0
end_of_record
TN:
SF:/home/facundo/Documentos/Desarrollo/Taller/PicAppSS/server/controllers/users.js
FN:5,(anonymous_1)
FN:31,(anonymous_2)
FN:37,(anonymous_3)
FN:50,(anonymous_4)
FN:68,(anonymous_5)
FN:84,(anonymous_6)
FN:112,hash
FNF:7
FNH:0
FNDA:0,(anonymous_1)
FNDA:0,(anonymous_2)
FNDA:0,(anonymous_3)
FNDA:0,(anonymous_4)
FNDA:0,(anonymous_5)
FNDA:0,(anonymous_6)
FNDA:0,hash
DA:1,1
DA:2,0
DA:4,0
DA:6,0
DA:15,0
DA:27,0
DA:32,0
DA:34,0
DA:35,0
DA:38,0
DA:41,0
DA:42,0
DA:46,0
DA:48,0
DA:51,0
DA:54,0
DA:55,0
DA:59,0
DA:63,0
DA:64,0
DA:66,0
DA:69,0
DA:72,0
DA:73,0
DA:77,0
DA:79,0
DA:80,0
DA:82,0
DA:85,0
DA:88,0
DA:89,0
DA:93,0
DA:95,0
DA:104,0
DA:106,0
DA:112,1
DA:113,0
DA:114,0
DA:115,0
DA:116,0
DA:118,0
LF:41
LH:2
BRDA:41,1,0,0
BRDA:41,1,1,0
BRDA:54,2,0,0
BRDA:54,2,1,0
BRDA:72,3,0,0
BRDA:72,3,1,0
BRDA:88,4,0,0
BRDA:88,4,1,0
BRDA:114,5,0,0
BRDA:114,5,1,0
BRF:10
BRH:0
end_of_record
TN:
SF:/home/facundo/Documentos/Desarrollo/Taller/PicAppSS/server/models/index.js
FNF:0
FNH:0
DA:1,1
DA:2,1
DA:3,1
DA:4,1
DA:5,1
DA:6,1
DA:7,1
DA:9,1
DA:10,1
DA:13,0
DA:15,0
DA:20,0
DA:23,0
DA:27,0
DA:28,0
DA:31,0
DA:32,0
DA:33,0
DA:37,0
DA:38,0
DA:40,0
LF:21
LH:9
BRDA:5,1,0,1
BRDA:5,1,1,0
BRDA:10,2,0,0
BRDA:10,2,1,0
BRDA:23,3,0,0
BRDA:23,3,1,0
BRDA:23,3,2,0
BRDA:32,4,0,0
BRDA:32,4,1,0
BRF:9
BRH:1
end_of_record
